<?xml version="1.0" encoding="UTF-8"?>
<!-- Generated by org.testng.reporters.JUnitReportReporter -->
<testsuite hostname="INSVHER5" failures="0" tests="15" name="com.drivingschool.DrivingSchoolTestAdmin" time="108.116" errors="0" timestamp="2022-05-09T13:12:53 IST" skipped="0">
  <testcase classname="com.drivingschool.DrivingSchoolTestAdmin" name="changepwd" time="5.468"/>
  <system-out/>
  <testcase classname="com.drivingschool.DrivingSchoolTestAdmin" name="removestudent" time="15.547"/>
  <system-out/>
  <testcase classname="com.drivingschool.DrivingSchoolTestAdmin" name="launchDrivingSchool" time="7.500"/>
  <system-out/>
  <testcase classname="com.drivingschool.DrivingSchoolTestAdmin" name="clickstudentlist" time="5.180"/>
  <system-out/>
  <testcase classname="com.drivingschool.DrivingSchoolTestAdmin" name="editstudent" time="11.146"/>
  <system-out/>
  <testcase classname="com.drivingschool.DrivingSchoolTestAdmin" name="addstudent" time="6.364"/>
  <system-out/>
  <testcase classname="com.drivingschool.DrivingSchoolTestAdmin" name="addpackage" time="6.307"/>
  <system-out/>
  <testcase classname="com.drivingschool.DrivingSchoolTestAdmin" name="loginagain" time="5.578"/>
  <system-out/>
  <testcase classname="com.drivingschool.DrivingSchoolTestAdmin" name="clicklogin" time="0.298"/>
  <system-out/>
  <testcase classname="com.drivingschool.DrivingSchoolTestAdmin" name="login" time="6.983"/>
  <system-out/>
  <testcase classname="com.drivingschool.DrivingSchoolTestAdmin" name="clickpackagelist" time="5.166"/>
  <system-out/>
  <testcase classname="com.drivingschool.DrivingSchoolTestAdmin" name="editpackage" time="11.429"/>
  <system-out/>
  <testcase classname="com.drivingschool.DrivingSchoolTestAdmin" name="removepackage" time="15.549"/>
  <system-out/>
  <testcase classname="com.drivingschool.DrivingSchoolTestAdmin" name="logout" time="0.114"/>
  <system-out/>
  <testcase classname="com.drivingschool.DrivingSchoolTestAdmin" name="clickadminlist" time="5.487"/>
  <system-out/>
</testsuite> <!-- com.drivingschool.DrivingSchoolTestAdmin -->
