<?xml version="1.0" encoding="UTF-8"?>
<!-- Generated by org.testng.reporters.JUnitReportReporter -->
<testsuite hostname="Anurag-PC" failures="0" tests="9" name="com.drivingschool.DrivingSchoolTest" time="35.902" errors="0" timestamp="2022-04-15T22:05:43 IST" skipped="0">
  <testcase classname="com.drivingschool.DrivingSchoolTest" name="logout" time="0.107"/>
  <system-out/>
  <testcase classname="com.drivingschool.DrivingSchoolTest" name="changepwd" time="5.293"/>
  <system-out/>
  <testcase classname="com.drivingschool.DrivingSchoolTest" name="clickstudentlist" time="5.157"/>
  <system-out/>
  <testcase classname="com.drivingschool.DrivingSchoolTest" name="clickpackagelist" time="5.162"/>
  <system-out/>
  <testcase classname="com.drivingschool.DrivingSchoolTest" name="loginagain" time="5.291"/>
  <system-out/>
  <testcase classname="com.drivingschool.DrivingSchoolTest" name="clicklogin" time="0.102"/>
  <system-out/>
  <testcase classname="com.drivingschool.DrivingSchoolTest" name="launchDrivingSchool" time="4.363"/>
  <system-out/>
  <testcase classname="com.drivingschool.DrivingSchoolTest" name="login" time="5.234"/>
  <system-out/>
  <testcase classname="com.drivingschool.DrivingSchoolTest" name="clickadminlist" time="5.193"/>
  <system-out/>
</testsuite> <!-- com.drivingschool.DrivingSchoolTest -->
