<?xml version="1.0" encoding="UTF-8"?>
<!-- Generated by org.testng.reporters.JUnitReportReporter -->
<testsuite hostname="INSVHER5" failures="0" tests="9" name="com.drivingschool.DrivingSchoolTestStudent" time="35.905" errors="0" timestamp="2022-05-09T13:22:55 IST" skipped="0">
  <testcase classname="com.drivingschool.DrivingSchoolTestStudent" name="choosepackagelocation" time="5.462"/>
  <system-out/>
  <testcase classname="com.drivingschool.DrivingSchoolTestStudent" name="launchDrivingSchool" time="7.150"/>
  <system-out/>
  <testcase classname="com.drivingschool.DrivingSchoolTestStudent" name="registerstudent" time="6.108"/>
  <system-out/>
  <testcase classname="com.drivingschool.DrivingSchoolTestStudent" name="changepwd" time="5.533"/>
  <system-out/>
  <testcase classname="com.drivingschool.DrivingSchoolTestStudent" name="logout" time="0.132"/>
  <system-out/>
  <testcase classname="com.drivingschool.DrivingSchoolTestStudent" name="login" time="5.614"/>
  <system-out/>
  <testcase classname="com.drivingschool.DrivingSchoolTestStudent" name="loginagain" time="5.545"/>
  <system-out/>
  <testcase classname="com.drivingschool.DrivingSchoolTestStudent" name="clicklogin" time="0.222"/>
  <system-out/>
  <testcase classname="com.drivingschool.DrivingSchoolTestStudent" name="choosepackage" time="0.139"/>
  <system-out/>
</testsuite> <!-- com.drivingschool.DrivingSchoolTestStudent -->
